<?xml version="1.0" encoding="UTF-8"?>
<testsuite xmlns:xsi="http://www.w3.org/2001/XMLSchema-instance" xsi:noNamespaceSchemaLocation="https://maven.apache.org/surefire/maven-surefire-plugin/xsd/surefire-test-report-3.0.xsd" version="3.0" name="org.example.foodrecipeplatform.CardDataTest" time="0.109" tests="9" errors="0" skipped="0" failures="0">
  <properties>
[...]
</properties>
  <testcase name="getFoodName" classname="org.example.foodrecipeplatform.CardDataTest" time="0.036"/>
  <testcase name="getAnotherMealId" classname="org.example.foodrecipeplatform.CardDataTest" time="0.003"/>
  <testcase name="getDifferentDescription" classname="org.example.foodrecipeplatform.CardDataTest" time="0.002"/>
  <testcase name="getFoodName_WithEmptyName" classname="org.example.foodrecipeplatform.CardDataTest" time="0.003"/>
  <testcase name="getFoodName_WithDifferentName" classname="org.example.foodrecipeplatform.CardDataTest" time="0.001"/>
  <testcase name="getMealId" classname="org.example.foodrecipeplatform.CardDataTest" time="0.003"/>
  <testcase name="getNullMealId" classname="org.example.foodrecipeplatform.CardDataTest" time="0.003"/>
  <testcase name="getEmptyDescription" classname="org.example.foodrecipeplatform.CardDataTest" time="0.002"/>
  <testcase name="getDescription" classname="org.example.foodrecipeplatform.CardDataTest" time="0.002"/>
</testsuite>